<?xml version="1.0" encoding="UTF-8"?>
<!-- Generated by org.testng.reporters.JUnitXMLReporter -->
<testsuite hostname="DESKTOP-RK1BKF1" ignored="3" name="Test(failed)(failed)" tests="3" failures="1" timestamp="2022-05-23T00:00:25 IST" time="0.14" errors="0">
  <testcase name="e" time="0.018" classname="TestNG.TestNG5">
    <skipped/>
  </testcase> <!-- e -->
  <testcase name="z" time="0.004" classname="TestNG.TestNG7">
    <failure type="java.lang.AssertionError" message="expected [true] but found [false]">
      <![CDATA[java.lang.AssertionError: expected [true] but found [false]
at TestNG.TestNG7.z(TestNG7.java:10)
at java.util.ArrayList.forEach(Unknown Source)
... Removed 31 stack frames]]>
    </failure>
  </testcase> <!-- z -->
  <testcase name="a" time="0.0" classname="TestNG.TestNG7">
    <skipped/>
  </testcase> <!-- a -->
  <testcase name="b" time="0.0" classname="TestNG.TestNG5">
    <ignored/>
  </testcase> <!-- b -->
  <testcase name="d" time="0.0" classname="TestNG.TestNG5">
    <ignored/>
  </testcase> <!-- d -->
  <testcase name="c" time="0.0" classname="TestNG.TestNG5">
    <ignored/>
  </testcase> <!-- c -->
</testsuite> <!-- Test(failed)(failed) -->
